{"/home/o13s/sources/claude/myTravel/src/components/CurrencyPicker.tsx": {"path":"/home/o13s/sources/claude/myTravel/src/components/CurrencyPicker.tsx","statementMap":{"0":{"start":{"line":6,"column":19},"end":{"line":27,"column":1}},"1":{"start":{"line":30,"column":19},"end":{"line":30,"column":58}},"2":{"start":{"line":30,"column":42},"end":{"line":30,"column":57}},"3":{"start":{"line":31,"column":2},"end":{"line":31,"column":29}},"4":{"start":{"line":31,"column":17},"end":{"line":31,"column":29}},"5":{"start":{"line":32,"column":2},"end":{"line":32,"column":38}},"6":{"start":{"line":45,"column":48},"end":{"line":45,"column":63}},"7":{"start":{"line":46,"column":30},"end":{"line":46,"column":42}},"8":{"start":{"line":48,"column":23},"end":{"line":48,"column":52}},"9":{"start":{"line":49,"column":18},"end":{"line":49,"column":66}},"10":{"start":{"line":52,"column":4},"end":{"line":56,"column":5}},"11":{"start":{"line":53,"column":6},"end":{"line":53,"column":20}},"12":{"start":{"line":55,"column":6},"end":{"line":55,"column":32}},"13":{"start":{"line":57,"column":4},"end":{"line":57,"column":18}},"14":{"start":{"line":60,"column":19},"end":{"line":64,"column":3}},"15":{"start":{"line":62,"column":6},"end":{"line":63,"column":58}},"16":{"start":{"line":66,"column":19},"end":{"line":66,"column":59}},"17":{"start":{"line":66,"column":42},"end":{"line":66,"column":58}},"18":{"start":{"line":68,"column":2},"end":{"line":114,"column":4}},"19":{"start":{"line":73,"column":25},"end":{"line":73,"column":49}},"20":{"start":{"line":94,"column":16},"end":{"line":106,"column":18}},"21":{"start":{"line":98,"column":20},"end":{"line":98,"column":37}},"22":{"start":{"line":99,"column":20},"end":{"line":99,"column":28}},"23":{"start":{"line":102,"column":20},"end":{"line":104,"column":28}},"24":{"start":{"line":117,"column":15},"end":{"line":139,"column":2}}},"fnMap":{"0":{"name":"getCurrencySymbol","decl":{"start":{"line":29,"column":16},"end":{"line":29,"column":33}},"loc":{"start":{"line":29,"column":56},"end":{"line":33,"column":1}},"line":29},"1":{"name":"(anonymous_1)","decl":{"start":{"line":30,"column":35},"end":{"line":30,"column":36}},"loc":{"start":{"line":30,"column":42},"end":{"line":30,"column":57}},"line":30},"2":{"name":"CurrencyPicker","decl":{"start":{"line":44,"column":24},"end":{"line":44,"column":38}},"loc":{"start":{"line":44,"column":122},"end":{"line":115,"column":1}},"line":44},"3":{"name":"close","decl":{"start":{"line":51,"column":11},"end":{"line":51,"column":16}},"loc":{"start":{"line":51,"column":19},"end":{"line":58,"column":3}},"line":51},"4":{"name":"(anonymous_4)","decl":{"start":{"line":61,"column":4},"end":{"line":61,"column":5}},"loc":{"start":{"line":62,"column":6},"end":{"line":63,"column":58}},"line":62},"5":{"name":"(anonymous_5)","decl":{"start":{"line":66,"column":35},"end":{"line":66,"column":36}},"loc":{"start":{"line":66,"column":42},"end":{"line":66,"column":58}},"line":66},"6":{"name":"(anonymous_6)","decl":{"start":{"line":73,"column":19},"end":{"line":73,"column":20}},"loc":{"start":{"line":73,"column":25},"end":{"line":73,"column":49}},"line":73},"7":{"name":"(anonymous_7)","decl":{"start":{"line":93,"column":28},"end":{"line":93,"column":29}},"loc":{"start":{"line":94,"column":16},"end":{"line":106,"column":18}},"line":94},"8":{"name":"(anonymous_8)","decl":{"start":{"line":97,"column":27},"end":{"line":97,"column":28}},"loc":{"start":{"line":97,"column":33},"end":{"line":100,"column":19}},"line":97},"9":{"name":"(anonymous_9)","decl":{"start":{"line":101,"column":25},"end":{"line":101,"column":26}},"loc":{"start":{"line":102,"column":20},"end":{"line":104,"column":28}},"line":102}},"branchMap":{"0":{"loc":{"start":{"line":31,"column":2},"end":{"line":31,"column":29}},"type":"if","locations":[{"start":{"line":31,"column":2},"end":{"line":31,"column":29}},{"start":{},"end":{}}],"line":31},"1":{"loc":{"start":{"line":44,"column":58},"end":{"line":44,"column":74}},"type":"default-arg","locations":[{"start":{"line":44,"column":66},"end":{"line":44,"column":74}}],"line":44},"2":{"loc":{"start":{"line":49,"column":18},"end":{"line":49,"column":66}},"type":"cond-expr","locations":[{"start":{"line":49,"column":33},"end":{"line":49,"column":48}},{"start":{"line":49,"column":51},"end":{"line":49,"column":66}}],"line":49},"3":{"loc":{"start":{"line":52,"column":4},"end":{"line":56,"column":5}},"type":"if","locations":[{"start":{"line":52,"column":4},"end":{"line":56,"column":5}},{"start":{"line":54,"column":11},"end":{"line":56,"column":5}}],"line":52},"4":{"loc":{"start":{"line":62,"column":6},"end":{"line":63,"column":58}},"type":"binary-expr","locations":[{"start":{"line":62,"column":6},"end":{"line":62,"column":57}},{"start":{"line":63,"column":6},"end":{"line":63,"column":58}}],"line":62},"5":{"loc":{"start":{"line":70,"column":7},"end":{"line":80,"column":7}},"type":"binary-expr","locations":[{"start":{"line":70,"column":7},"end":{"line":70,"column":20}},{"start":{"line":71,"column":8},"end":{"line":79,"column":17}}],"line":70},"6":{"loc":{"start":{"line":78,"column":21},"end":{"line":78,"column":44}},"type":"binary-expr","locations":[{"start":{"line":78,"column":21},"end":{"line":78,"column":35}},{"start":{"line":78,"column":39},"end":{"line":78,"column":44}}],"line":78},"7":{"loc":{"start":{"line":102,"column":20},"end":{"line":104,"column":28}},"type":"cond-expr","locations":[{"start":{"line":103,"column":22},"end":{"line":103,"column":77}},{"start":{"line":104,"column":24},"end":{"line":104,"column":28}}],"line":102}},"s":{"0":1,"1":10,"2":85,"3":10,"4":2,"5":8,"6":0,"7":0,"8":0,"9":0,"10":0,"11":0,"12":0,"13":0,"14":0,"15":0,"16":0,"17":0,"18":0,"19":0,"20":0,"21":0,"22":0,"23":0,"24":1},"f":{"0":10,"1":85,"2":0,"3":0,"4":0,"5":0,"6":0,"7":0,"8":0,"9":0},"b":{"0":[2,8],"1":[0],"2":[0,0],"3":[0,0],"4":[0,0],"5":[0,0],"6":[0,0],"7":[0,0]},"_coverageSchema":"1a1c01bbd47fc00a2c39e90264f33305004495a9","hash":"9fb3d2a1a2a13ee48d6e8a9f7bef52a61ac2b437"}
,"/home/o13s/sources/claude/myTravel/src/db/database.ts": {"path":"/home/o13s/sources/claude/myTravel/src/db/database.ts","statementMap":{"0":{"start":{"line":4,"column":67},"end":{"line":10,"column":1}},"1":{"start":{"line":16,"column":2},"end":{"line":16,"column":53}},"2":{"start":{"line":18,"column":2},"end":{"line":65,"column":5}},"3":{"start":{"line":67,"column":18},"end":{"line":67,"column":87}},"4":{"start":{"line":68,"column":2},"end":{"line":70,"column":3}},"5":{"start":{"line":68,"column":27},"end":{"line":68,"column":47}},"6":{"start":{"line":69,"column":4},"end":{"line":69,"column":71}},"7":{"start":{"line":71,"column":2},"end":{"line":73,"column":3}},"8":{"start":{"line":71,"column":27},"end":{"line":71,"column":54}},"9":{"start":{"line":72,"column":4},"end":{"line":72,"column":81}},"10":{"start":{"line":75,"column":2},"end":{"line":95,"column":5}},"11":{"start":{"line":76,"column":4},"end":{"line":94,"column":5}},"12":{"start":{"line":77,"column":23},"end":{"line":80,"column":7}},"13":{"start":{"line":81,"column":25},"end":{"line":83,"column":106}},"14":{"start":{"line":85,"column":6},"end":{"line":93,"column":7}},"15":{"start":{"line":86,"column":26},"end":{"line":89,"column":9}},"16":{"start":{"line":90,"column":8},"end":{"line":92,"column":9}},"17":{"start":{"line":91,"column":10},"end":{"line":91,"column":110}},"18":{"start":{"line":101,"column":2},"end":{"line":101,"column":74}},"19":{"start":{"line":105,"column":2},"end":{"line":108,"column":4}},"20":{"start":{"line":112,"column":2},"end":{"line":112,"column":93}},"21":{"start":{"line":118,"column":2},"end":{"line":118,"column":84}},"22":{"start":{"line":122,"column":2},"end":{"line":122,"column":96}},"23":{"start":{"line":126,"column":17},"end":{"line":129,"column":3}},"24":{"start":{"line":130,"column":2},"end":{"line":130,"column":32}},"25":{"start":{"line":134,"column":2},"end":{"line":137,"column":4}},"26":{"start":{"line":141,"column":2},"end":{"line":141,"column":63}},"27":{"start":{"line":147,"column":2},"end":{"line":156,"column":4}},"28":{"start":{"line":160,"column":2},"end":{"line":168,"column":13}},"29":{"start":{"line":172,"column":17},"end":{"line":175,"column":3}},"30":{"start":{"line":176,"column":2},"end":{"line":176,"column":32}},"31":{"start":{"line":180,"column":2},"end":{"line":180,"column":96}},"32":{"start":{"line":184,"column":2},"end":{"line":187,"column":4}},"33":{"start":{"line":191,"column":2},"end":{"line":191,"column":63}},"34":{"start":{"line":205,"column":14},"end":{"line":205,"column":48}},"35":{"start":{"line":206,"column":2},"end":{"line":222,"column":3}},"36":{"start":{"line":207,"column":4},"end":{"line":214,"column":5}},"37":{"start":{"line":208,"column":6},"end":{"line":213,"column":9}},"38":{"start":{"line":215,"column":16},"end":{"line":215,"column":41}},"39":{"start":{"line":216,"column":4},"end":{"line":220,"column":7}},"40":{"start":{"line":221,"column":4},"end":{"line":221,"column":27}},"41":{"start":{"line":223,"column":2},"end":{"line":223,"column":34}},"42":{"start":{"line":227,"column":15},"end":{"line":237,"column":3}},"43":{"start":{"line":238,"column":2},"end":{"line":238,"column":36}},"44":{"start":{"line":244,"column":2},"end":{"line":247,"column":4}},"45":{"start":{"line":251,"column":2},"end":{"line":254,"column":21}},"46":{"start":{"line":258,"column":2},"end":{"line":261,"column":5}},"47":{"start":{"line":259,"column":4},"end":{"line":259,"column":98}},"48":{"start":{"line":260,"column":4},"end":{"line":260,"column":69}},"49":{"start":{"line":268,"column":2},"end":{"line":286,"column":5}},"50":{"start":{"line":269,"column":21},"end":{"line":272,"column":5}},"51":{"start":{"line":273,"column":20},"end":{"line":273,"column":89}},"52":{"start":{"line":273,"column":51},"end":{"line":273,"column":69}},"53":{"start":{"line":273,"column":82},"end":{"line":273,"column":87}},"54":{"start":{"line":274,"column":4},"end":{"line":279,"column":5}},"55":{"start":{"line":275,"column":6},"end":{"line":278,"column":7}},"56":{"start":{"line":276,"column":8},"end":{"line":276,"column":107}},"57":{"start":{"line":277,"column":8},"end":{"line":277,"column":78}},"58":{"start":{"line":280,"column":24},"end":{"line":280,"column":58}},"59":{"start":{"line":280,"column":52},"end":{"line":280,"column":56}},"60":{"start":{"line":281,"column":4},"end":{"line":285,"column":5}},"61":{"start":{"line":282,"column":6},"end":{"line":284,"column":7}},"62":{"start":{"line":283,"column":8},"end":{"line":283,"column":108}},"63":{"start":{"line":290,"column":2},"end":{"line":298,"column":4}}},"fnMap":{"0":{"name":"initDatabase","decl":{"start":{"line":15,"column":22},"end":{"line":15,"column":34}},"loc":{"start":{"line":15,"column":52},"end":{"line":96,"column":1}},"line":15},"1":{"name":"(anonymous_1)","decl":{"start":{"line":68,"column":20},"end":{"line":68,"column":21}},"loc":{"start":{"line":68,"column":27},"end":{"line":68,"column":47}},"line":68},"2":{"name":"(anonymous_2)","decl":{"start":{"line":71,"column":20},"end":{"line":71,"column":21}},"loc":{"start":{"line":71,"column":27},"end":{"line":71,"column":54}},"line":71},"3":{"name":"(anonymous_3)","decl":{"start":{"line":75,"column":32},"end":{"line":75,"column":33}},"loc":{"start":{"line":75,"column":44},"end":{"line":95,"column":3}},"line":75},"4":{"name":"getCategories","decl":{"start":{"line":100,"column":22},"end":{"line":100,"column":35}},"loc":{"start":{"line":100,"column":59},"end":{"line":102,"column":1}},"line":100},"5":{"name":"getSubcategories","decl":{"start":{"line":104,"column":22},"end":{"line":104,"column":38}},"loc":{"start":{"line":104,"column":83},"end":{"line":109,"column":1}},"line":104},"6":{"name":"getAllSubcategories","decl":{"start":{"line":111,"column":22},"end":{"line":111,"column":41}},"loc":{"start":{"line":111,"column":68},"end":{"line":113,"column":1}},"line":111},"7":{"name":"getProjects","decl":{"start":{"line":117,"column":22},"end":{"line":117,"column":33}},"loc":{"start":{"line":117,"column":56},"end":{"line":119,"column":1}},"line":117},"8":{"name":"getProject","decl":{"start":{"line":121,"column":22},"end":{"line":121,"column":32}},"loc":{"start":{"line":121,"column":70},"end":{"line":123,"column":1}},"line":121},"9":{"name":"createProject","decl":{"start":{"line":125,"column":22},"end":{"line":125,"column":35}},"loc":{"start":{"line":125,"column":95},"end":{"line":131,"column":1}},"line":125},"10":{"name":"updateProject","decl":{"start":{"line":133,"column":22},"end":{"line":133,"column":35}},"loc":{"start":{"line":133,"column":105},"end":{"line":138,"column":1}},"line":133},"11":{"name":"deleteProject","decl":{"start":{"line":140,"column":22},"end":{"line":140,"column":35}},"loc":{"start":{"line":140,"column":63},"end":{"line":142,"column":1}},"line":140},"12":{"name":"getExpenses","decl":{"start":{"line":146,"column":22},"end":{"line":146,"column":33}},"loc":{"start":{"line":146,"column":84},"end":{"line":157,"column":1}},"line":146},"13":{"name":"getExpenseWithDetails","decl":{"start":{"line":159,"column":22},"end":{"line":159,"column":43}},"loc":{"start":{"line":159,"column":92},"end":{"line":169,"column":1}},"line":159},"14":{"name":"createExpense","decl":{"start":{"line":171,"column":22},"end":{"line":171,"column":35}},"loc":{"start":{"line":171,"column":95},"end":{"line":177,"column":1}},"line":171},"15":{"name":"getExpense","decl":{"start":{"line":179,"column":22},"end":{"line":179,"column":32}},"loc":{"start":{"line":179,"column":70},"end":{"line":181,"column":1}},"line":179},"16":{"name":"updateExpense","decl":{"start":{"line":183,"column":22},"end":{"line":183,"column":35}},"loc":{"start":{"line":183,"column":120},"end":{"line":188,"column":1}},"line":183},"17":{"name":"deleteExpense","decl":{"start":{"line":190,"column":22},"end":{"line":190,"column":35}},"loc":{"start":{"line":190,"column":63},"end":{"line":192,"column":1}},"line":190},"18":{"name":"buildCategorySummary","decl":{"start":{"line":204,"column":16},"end":{"line":204,"column":36}},"loc":{"start":{"line":204,"column":77},"end":{"line":224,"column":1}},"line":204},"19":{"name":"getCategorySummary","decl":{"start":{"line":226,"column":22},"end":{"line":226,"column":40}},"loc":{"start":{"line":226,"column":88},"end":{"line":239,"column":1}},"line":226},"20":{"name":"getParticipants","decl":{"start":{"line":243,"column":22},"end":{"line":243,"column":37}},"loc":{"start":{"line":243,"column":81},"end":{"line":248,"column":1}},"line":243},"21":{"name":"addParticipant","decl":{"start":{"line":250,"column":22},"end":{"line":250,"column":36}},"loc":{"start":{"line":250,"column":87},"end":{"line":255,"column":1}},"line":250},"22":{"name":"removeParticipant","decl":{"start":{"line":257,"column":22},"end":{"line":257,"column":39}},"loc":{"start":{"line":257,"column":67},"end":{"line":262,"column":1}},"line":257},"23":{"name":"(anonymous_23)","decl":{"start":{"line":258,"column":32},"end":{"line":258,"column":33}},"loc":{"start":{"line":258,"column":44},"end":{"line":261,"column":3}},"line":258},"24":{"name":"syncProjectParticipants","decl":{"start":{"line":264,"column":22},"end":{"line":264,"column":45}},"loc":{"start":{"line":267,"column":17},"end":{"line":287,"column":1}},"line":267},"25":{"name":"(anonymous_25)","decl":{"start":{"line":268,"column":32},"end":{"line":268,"column":33}},"loc":{"start":{"line":268,"column":44},"end":{"line":286,"column":3}},"line":268},"26":{"name":"(anonymous_26)","decl":{"start":{"line":273,"column":44},"end":{"line":273,"column":45}},"loc":{"start":{"line":273,"column":51},"end":{"line":273,"column":69}},"line":273},"27":{"name":"(anonymous_27)","decl":{"start":{"line":273,"column":75},"end":{"line":273,"column":76}},"loc":{"start":{"line":273,"column":82},"end":{"line":273,"column":87}},"line":273},"28":{"name":"(anonymous_28)","decl":{"start":{"line":280,"column":45},"end":{"line":280,"column":46}},"loc":{"start":{"line":280,"column":52},"end":{"line":280,"column":56}},"line":280},"29":{"name":"getParticipantSummary","decl":{"start":{"line":289,"column":22},"end":{"line":289,"column":43}},"loc":{"start":{"line":289,"column":94},"end":{"line":299,"column":1}},"line":289}},"branchMap":{"0":{"loc":{"start":{"line":68,"column":2},"end":{"line":70,"column":3}},"type":"if","locations":[{"start":{"line":68,"column":2},"end":{"line":70,"column":3}},{"start":{},"end":{}}],"line":68},"1":{"loc":{"start":{"line":71,"column":2},"end":{"line":73,"column":3}},"type":"if","locations":[{"start":{"line":71,"column":2},"end":{"line":73,"column":3}},{"start":{},"end":{}}],"line":71},"2":{"loc":{"start":{"line":81,"column":25},"end":{"line":83,"column":106}},"type":"cond-expr","locations":[{"start":{"line":82,"column":10},"end":{"line":82,"column":21}},{"start":{"line":83,"column":10},"end":{"line":83,"column":106}}],"line":81},"3":{"loc":{"start":{"line":90,"column":8},"end":{"line":92,"column":9}},"type":"if","locations":[{"start":{"line":90,"column":8},"end":{"line":92,"column":9}},{"start":{},"end":{}}],"line":90},"4":{"loc":{"start":{"line":122,"column":9},"end":{"line":122,"column":95}},"type":"binary-expr","locations":[{"start":{"line":122,"column":10},"end":{"line":122,"column":86}},{"start":{"line":122,"column":91},"end":{"line":122,"column":95}}],"line":122},"5":{"loc":{"start":{"line":160,"column":9},"end":{"line":168,"column":12}},"type":"binary-expr","locations":[{"start":{"line":160,"column":10},"end":{"line":168,"column":3}},{"start":{"line":168,"column":8},"end":{"line":168,"column":12}}],"line":160},"6":{"loc":{"start":{"line":174,"column":43},"end":{"line":174,"column":70}},"type":"binary-expr","locations":[{"start":{"line":174,"column":43},"end":{"line":174,"column":62}},{"start":{"line":174,"column":66},"end":{"line":174,"column":70}}],"line":174},"7":{"loc":{"start":{"line":174,"column":111},"end":{"line":174,"column":131}},"type":"binary-expr","locations":[{"start":{"line":174,"column":111},"end":{"line":174,"column":123}},{"start":{"line":174,"column":127},"end":{"line":174,"column":131}}],"line":174},"8":{"loc":{"start":{"line":180,"column":9},"end":{"line":180,"column":95}},"type":"binary-expr","locations":[{"start":{"line":180,"column":10},"end":{"line":180,"column":86}},{"start":{"line":180,"column":91},"end":{"line":180,"column":95}}],"line":180},"9":{"loc":{"start":{"line":186,"column":26},"end":{"line":186,"column":53}},"type":"binary-expr","locations":[{"start":{"line":186,"column":26},"end":{"line":186,"column":45}},{"start":{"line":186,"column":49},"end":{"line":186,"column":53}}],"line":186},"10":{"loc":{"start":{"line":186,"column":94},"end":{"line":186,"column":114}},"type":"binary-expr","locations":[{"start":{"line":186,"column":94},"end":{"line":186,"column":106}},{"start":{"line":186,"column":110},"end":{"line":186,"column":114}}],"line":186},"11":{"loc":{"start":{"line":207,"column":4},"end":{"line":214,"column":5}},"type":"if","locations":[{"start":{"line":207,"column":4},"end":{"line":214,"column":5}},{"start":{},"end":{}}],"line":207},"12":{"loc":{"start":{"line":275,"column":6},"end":{"line":278,"column":7}},"type":"if","locations":[{"start":{"line":275,"column":6},"end":{"line":278,"column":7}},{"start":{},"end":{}}],"line":275},"13":{"loc":{"start":{"line":282,"column":6},"end":{"line":284,"column":7}},"type":"if","locations":[{"start":{"line":282,"column":6},"end":{"line":284,"column":7}},{"start":{},"end":{}}],"line":282},"14":{"loc":{"start":{"line":282,"column":10},"end":{"line":282,"column":54}},"type":"binary-expr","locations":[{"start":{"line":282,"column":10},"end":{"line":282,"column":28}},{"start":{"line":282,"column":32},"end":{"line":282,"column":54}}],"line":282}},"s":{"0":1,"1":0,"2":0,"3":0,"4":0,"5":0,"6":0,"7":0,"8":0,"9":0,"10":0,"11":0,"12":0,"13":0,"14":0,"15":0,"16":0,"17":0,"18":0,"19":0,"20":0,"21":0,"22":0,"23":0,"24":0,"25":0,"26":0,"27":0,"28":0,"29":0,"30":0,"31":0,"32":0,"33":0,"34":8,"35":8,"36":13,"37":9,"38":13,"39":13,"40":13,"41":8,"42":0,"43":0,"44":0,"45":0,"46":0,"47":0,"48":0,"49":0,"50":0,"51":0,"52":0,"53":0,"54":0,"55":0,"56":0,"57":0,"58":0,"59":0,"60":0,"61":0,"62":0,"63":0},"f":{"0":0,"1":0,"2":0,"3":0,"4":0,"5":0,"6":0,"7":0,"8":0,"9":0,"10":0,"11":0,"12":0,"13":0,"14":0,"15":0,"16":0,"17":0,"18":8,"19":0,"20":0,"21":0,"22":0,"23":0,"24":0,"25":0,"26":0,"27":0,"28":0,"29":0},"b":{"0":[0,0],"1":[0,0],"2":[0,0],"3":[0,0],"4":[0,0],"5":[0,0],"6":[0,0],"7":[0,0],"8":[0,0],"9":[0,0],"10":[0,0],"11":[9,4],"12":[0,0],"13":[0,0],"14":[0,0]},"_coverageSchema":"1a1c01bbd47fc00a2c39e90264f33305004495a9","hash":"483744049a3981ff92dab9869776eb72311c4157"}
,"/home/o13s/sources/claude/myTravel/src/stores/expenseStore.ts": {"path":"/home/o13s/sources/claude/myTravel/src/stores/expenseStore.ts","statementMap":{"0":{"start":{"line":21,"column":2},"end":{"line":23,"column":4}},"1":{"start":{"line":22,"column":14},"end":{"line":22,"column":86}},"2":{"start":{"line":26,"column":31},"end":{"line":132,"column":3}},"3":{"start":{"line":26,"column":67},"end":{"line":132,"column":1}},"4":{"start":{"line":35,"column":4},"end":{"line":35,"column":55}},"5":{"start":{"line":35,"column":48},"end":{"line":35,"column":55}},"6":{"start":{"line":36,"column":4},"end":{"line":36,"column":29}},"7":{"start":{"line":37,"column":4},"end":{"line":53,"column":5}},"8":{"start":{"line":38,"column":54},"end":{"line":42,"column":8}},"9":{"start":{"line":43,"column":6},"end":{"line":50,"column":9}},"10":{"start":{"line":47,"column":47},"end":{"line":47,"column":60}},"11":{"start":{"line":52,"column":6},"end":{"line":52,"column":32}},"12":{"start":{"line":56,"column":20},"end":{"line":56,"column":53}},"13":{"start":{"line":59,"column":4},"end":{"line":59,"column":29}},"14":{"start":{"line":60,"column":4},"end":{"line":79,"column":5}},"15":{"start":{"line":61,"column":17},"end":{"line":61,"column":45}},"16":{"start":{"line":62,"column":56},"end":{"line":66,"column":8}},"17":{"start":{"line":67,"column":6},"end":{"line":73,"column":10}},"18":{"start":{"line":67,"column":22},"end":{"line":73,"column":7}},"19":{"start":{"line":71,"column":47},"end":{"line":71,"column":60}},"20":{"start":{"line":74,"column":6},"end":{"line":74,"column":18}},"21":{"start":{"line":76,"column":6},"end":{"line":76,"column":32}},"22":{"start":{"line":77,"column":6},"end":{"line":77,"column":68}},"23":{"start":{"line":78,"column":6},"end":{"line":78,"column":19}},"24":{"start":{"line":83,"column":4},"end":{"line":83,"column":29}},"25":{"start":{"line":84,"column":4},"end":{"line":107,"column":5}},"26":{"start":{"line":85,"column":6},"end":{"line":85,"column":39}},"27":{"start":{"line":86,"column":60},"end":{"line":90,"column":8}},"28":{"start":{"line":91,"column":6},"end":{"line":101,"column":10}},"29":{"start":{"line":91,"column":22},"end":{"line":101,"column":7}},"30":{"start":{"line":94,"column":41},"end":{"line":94,"column":73}},"31":{"start":{"line":99,"column":47},"end":{"line":99,"column":60}},"32":{"start":{"line":102,"column":6},"end":{"line":102,"column":18}},"33":{"start":{"line":104,"column":6},"end":{"line":104,"column":32}},"34":{"start":{"line":105,"column":6},"end":{"line":105,"column":66}},"35":{"start":{"line":106,"column":6},"end":{"line":106,"column":19}},"36":{"start":{"line":111,"column":4},"end":{"line":111,"column":29}},"37":{"start":{"line":112,"column":4},"end":{"line":130,"column":5}},"38":{"start":{"line":113,"column":6},"end":{"line":113,"column":33}},"39":{"start":{"line":114,"column":44},"end":{"line":117,"column":8}},"40":{"start":{"line":118,"column":6},"end":{"line":124,"column":10}},"41":{"start":{"line":118,"column":22},"end":{"line":124,"column":7}},"42":{"start":{"line":119,"column":47},"end":{"line":119,"column":58}},"43":{"start":{"line":122,"column":47},"end":{"line":122,"column":60}},"44":{"start":{"line":125,"column":6},"end":{"line":125,"column":18}},"45":{"start":{"line":127,"column":6},"end":{"line":127,"column":32}},"46":{"start":{"line":128,"column":6},"end":{"line":128,"column":67}},"47":{"start":{"line":129,"column":6},"end":{"line":129,"column":19}}},"fnMap":{"0":{"name":"sortExpenses","decl":{"start":{"line":20,"column":16},"end":{"line":20,"column":28}},"loc":{"start":{"line":20,"column":83},"end":{"line":24,"column":1}},"line":20},"1":{"name":"(anonymous_1)","decl":{"start":{"line":22,"column":4},"end":{"line":22,"column":5}},"loc":{"start":{"line":22,"column":14},"end":{"line":22,"column":86}},"line":22},"2":{"name":"(anonymous_2)","decl":{"start":{"line":26,"column":52},"end":{"line":26,"column":53}},"loc":{"start":{"line":26,"column":67},"end":{"line":132,"column":1}},"line":26},"3":{"name":"(anonymous_3)","decl":{"start":{"line":34,"column":16},"end":{"line":34,"column":17}},"loc":{"start":{"line":34,"column":37},"end":{"line":54,"column":3}},"line":34},"4":{"name":"(anonymous_4)","decl":{"start":{"line":47,"column":35},"end":{"line":47,"column":36}},"loc":{"start":{"line":47,"column":47},"end":{"line":47,"column":60}},"line":47},"5":{"name":"(anonymous_5)","decl":{"start":{"line":56,"column":14},"end":{"line":56,"column":15}},"loc":{"start":{"line":56,"column":20},"end":{"line":56,"column":53}},"line":56},"6":{"name":"(anonymous_6)","decl":{"start":{"line":58,"column":14},"end":{"line":58,"column":15}},"loc":{"start":{"line":58,"column":30},"end":{"line":80,"column":3}},"line":58},"7":{"name":"(anonymous_7)","decl":{"start":{"line":67,"column":10},"end":{"line":67,"column":11}},"loc":{"start":{"line":67,"column":22},"end":{"line":73,"column":7}},"line":67},"8":{"name":"(anonymous_8)","decl":{"start":{"line":71,"column":35},"end":{"line":71,"column":36}},"loc":{"start":{"line":71,"column":47},"end":{"line":71,"column":60}},"line":71},"9":{"name":"(anonymous_9)","decl":{"start":{"line":82,"column":17},"end":{"line":82,"column":18}},"loc":{"start":{"line":82,"column":48},"end":{"line":108,"column":3}},"line":82},"10":{"name":"(anonymous_10)","decl":{"start":{"line":91,"column":10},"end":{"line":91,"column":11}},"loc":{"start":{"line":91,"column":22},"end":{"line":101,"column":7}},"line":91},"11":{"name":"(anonymous_11)","decl":{"start":{"line":94,"column":33},"end":{"line":94,"column":34}},"loc":{"start":{"line":94,"column":41},"end":{"line":94,"column":73}},"line":94},"12":{"name":"(anonymous_12)","decl":{"start":{"line":99,"column":35},"end":{"line":99,"column":36}},"loc":{"start":{"line":99,"column":47},"end":{"line":99,"column":60}},"line":99},"13":{"name":"(anonymous_13)","decl":{"start":{"line":110,"column":17},"end":{"line":110,"column":18}},"loc":{"start":{"line":110,"column":42},"end":{"line":131,"column":3}},"line":110},"14":{"name":"(anonymous_14)","decl":{"start":{"line":118,"column":10},"end":{"line":118,"column":11}},"loc":{"start":{"line":118,"column":22},"end":{"line":124,"column":7}},"line":118},"15":{"name":"(anonymous_15)","decl":{"start":{"line":119,"column":40},"end":{"line":119,"column":41}},"loc":{"start":{"line":119,"column":47},"end":{"line":119,"column":58}},"line":119},"16":{"name":"(anonymous_16)","decl":{"start":{"line":122,"column":35},"end":{"line":122,"column":36}},"loc":{"start":{"line":122,"column":47},"end":{"line":122,"column":60}},"line":122}},"branchMap":{"0":{"loc":{"start":{"line":22,"column":14},"end":{"line":22,"column":86}},"type":"binary-expr","locations":[{"start":{"line":22,"column":14},"end":{"line":22,"column":42}},{"start":{"line":22,"column":46},"end":{"line":22,"column":86}}],"line":22},"1":{"loc":{"start":{"line":35,"column":4},"end":{"line":35,"column":55}},"type":"if","locations":[{"start":{"line":35,"column":4},"end":{"line":35,"column":55}},{"start":{},"end":{}}],"line":35},"2":{"loc":{"start":{"line":68,"column":31},"end":{"line":68,"column":92}},"type":"cond-expr","locations":[{"start":{"line":68,"column":44},"end":{"line":68,"column":75}},{"start":{"line":68,"column":78},"end":{"line":68,"column":92}}],"line":68},"3":{"loc":{"start":{"line":93,"column":10},"end":{"line":95,"column":28}},"type":"cond-expr","locations":[{"start":{"line":94,"column":14},"end":{"line":94,"column":75}},{"start":{"line":95,"column":14},"end":{"line":95,"column":28}}],"line":93},"4":{"loc":{"start":{"line":94,"column":41},"end":{"line":94,"column":73}},"type":"cond-expr","locations":[{"start":{"line":94,"column":55},"end":{"line":94,"column":69}},{"start":{"line":94,"column":72},"end":{"line":94,"column":73}}],"line":94}},"s":{"0":10,"1":10,"2":1,"3":1,"4":4,"5":1,"6":3,"7":3,"8":3,"9":2,"10":3,"11":1,"12":1,"13":3,"14":3,"15":3,"16":2,"17":2,"18":2,"19":1,"20":2,"21":1,"22":1,"23":1,"24":3,"25":3,"26":3,"27":2,"28":2,"29":2,"30":1,"31":1,"32":2,"33":1,"34":1,"35":1,"36":2,"37":2,"38":2,"39":1,"40":1,"41":1,"42":1,"43":1,"44":1,"45":1,"46":1,"47":1},"f":{"0":10,"1":10,"2":1,"3":4,"4":3,"5":1,"6":3,"7":2,"8":1,"9":3,"10":2,"11":1,"12":1,"13":2,"14":1,"15":1,"16":1},"b":{"0":[10,5],"1":[1,3],"2":[1,1],"3":[1,1],"4":[1,0]},"_coverageSchema":"1a1c01bbd47fc00a2c39e90264f33305004495a9","hash":"70a71e52361d8f23dd8a81ab3f57d7d6cf6014f1"}
,"/home/o13s/sources/claude/myTravel/src/stores/participantStore.ts": {"path":"/home/o13s/sources/claude/myTravel/src/stores/participantStore.ts","statementMap":{"0":{"start":{"line":13,"column":35},"end":{"line":31,"column":3}},"1":{"start":{"line":13,"column":70},"end":{"line":31,"column":1}},"2":{"start":{"line":17,"column":4},"end":{"line":17,"column":63}},"3":{"start":{"line":21,"column":4},"end":{"line":21,"column":45}},"4":{"start":{"line":22,"column":4},"end":{"line":22,"column":63}},"5":{"start":{"line":23,"column":4},"end":{"line":23,"column":44}},"6":{"start":{"line":27,"column":4},"end":{"line":27,"column":35}},"7":{"start":{"line":28,"column":4},"end":{"line":28,"column":63}},"8":{"start":{"line":29,"column":4},"end":{"line":29,"column":44}}},"fnMap":{"0":{"name":"(anonymous_0)","decl":{"start":{"line":13,"column":60},"end":{"line":13,"column":61}},"loc":{"start":{"line":13,"column":70},"end":{"line":31,"column":1}},"line":13},"1":{"name":"(anonymous_1)","decl":{"start":{"line":16,"column":20},"end":{"line":16,"column":21}},"loc":{"start":{"line":16,"column":41},"end":{"line":18,"column":3}},"line":16},"2":{"name":"(anonymous_2)","decl":{"start":{"line":20,"column":18},"end":{"line":20,"column":19}},"loc":{"start":{"line":20,"column":45},"end":{"line":24,"column":3}},"line":20},"3":{"name":"(anonymous_3)","decl":{"start":{"line":26,"column":21},"end":{"line":26,"column":22}},"loc":{"start":{"line":26,"column":46},"end":{"line":30,"column":3}},"line":26}},"branchMap":{},"s":{"0":1,"1":1,"2":2,"3":1,"4":1,"5":1,"6":1,"7":1,"8":1},"f":{"0":1,"1":2,"2":1,"3":1},"b":{},"_coverageSchema":"1a1c01bbd47fc00a2c39e90264f33305004495a9","hash":"ce91898240bfbf75b13cc7a1228b101d4dc4df02"}
,"/home/o13s/sources/claude/myTravel/src/stores/projectStore.ts": {"path":"/home/o13s/sources/claude/myTravel/src/stores/projectStore.ts","statementMap":{"0":{"start":{"line":16,"column":31},"end":{"line":51,"column":3}},"1":{"start":{"line":16,"column":67},"end":{"line":51,"column":1}},"2":{"start":{"line":21,"column":4},"end":{"line":21,"column":46}},"3":{"start":{"line":25,"column":4},"end":{"line":25,"column":35}},"4":{"start":{"line":29,"column":15},"end":{"line":29,"column":43}},"5":{"start":{"line":30,"column":4},"end":{"line":30,"column":46}},"6":{"start":{"line":31,"column":4},"end":{"line":31,"column":14}},"7":{"start":{"line":35,"column":4},"end":{"line":35,"column":37}},"8":{"start":{"line":36,"column":4},"end":{"line":36,"column":46}},"9":{"start":{"line":40,"column":4},"end":{"line":40,"column":31}},"10":{"start":{"line":41,"column":4},"end":{"line":44,"column":8}},"11":{"start":{"line":41,"column":20},"end":{"line":44,"column":5}},"12":{"start":{"line":42,"column":45},"end":{"line":42,"column":56}},"13":{"start":{"line":48,"column":44},"end":{"line":48,"column":49}},"14":{"start":{"line":49,"column":4},"end":{"line":49,"column":60}},"15":{"start":{"line":49,"column":32},"end":{"line":49,"column":58}}},"fnMap":{"0":{"name":"(anonymous_0)","decl":{"start":{"line":16,"column":52},"end":{"line":16,"column":53}},"loc":{"start":{"line":16,"column":67},"end":{"line":51,"column":1}},"line":16},"1":{"name":"(anonymous_1)","decl":{"start":{"line":20,"column":16},"end":{"line":20,"column":17}},"loc":{"start":{"line":20,"column":28},"end":{"line":22,"column":3}},"line":20},"2":{"name":"(anonymous_2)","decl":{"start":{"line":24,"column":17},"end":{"line":24,"column":18}},"loc":{"start":{"line":24,"column":25},"end":{"line":26,"column":3}},"line":24},"3":{"name":"(anonymous_3)","decl":{"start":{"line":28,"column":17},"end":{"line":28,"column":18}},"loc":{"start":{"line":28,"column":33},"end":{"line":32,"column":3}},"line":28},"4":{"name":"(anonymous_4)","decl":{"start":{"line":34,"column":17},"end":{"line":34,"column":18}},"loc":{"start":{"line":34,"column":37},"end":{"line":37,"column":3}},"line":34},"5":{"name":"(anonymous_5)","decl":{"start":{"line":39,"column":17},"end":{"line":39,"column":18}},"loc":{"start":{"line":39,"column":31},"end":{"line":45,"column":3}},"line":39},"6":{"name":"(anonymous_6)","decl":{"start":{"line":41,"column":8},"end":{"line":41,"column":9}},"loc":{"start":{"line":41,"column":20},"end":{"line":44,"column":5}},"line":41},"7":{"name":"(anonymous_7)","decl":{"start":{"line":42,"column":38},"end":{"line":42,"column":39}},"loc":{"start":{"line":42,"column":45},"end":{"line":42,"column":56}},"line":42},"8":{"name":"(anonymous_8)","decl":{"start":{"line":47,"column":22},"end":{"line":47,"column":23}},"loc":{"start":{"line":47,"column":28},"end":{"line":50,"column":3}},"line":47},"9":{"name":"(anonymous_9)","decl":{"start":{"line":49,"column":25},"end":{"line":49,"column":26}},"loc":{"start":{"line":49,"column":32},"end":{"line":49,"column":58}},"line":49}},"branchMap":{"0":{"loc":{"start":{"line":43,"column":25},"end":{"line":43,"column":88}},"type":"cond-expr","locations":[{"start":{"line":43,"column":58},"end":{"line":43,"column":62}},{"start":{"line":43,"column":65},"end":{"line":43,"column":88}}],"line":43}},"s":{"0":1,"1":1,"2":2,"3":1,"4":1,"5":1,"6":1,"7":1,"8":1,"9":3,"10":3,"11":3,"12":5,"13":3,"14":3,"15":4},"f":{"0":1,"1":2,"2":1,"3":1,"4":1,"5":3,"6":3,"7":5,"8":3,"9":4},"b":{"0":[1,2]},"_coverageSchema":"1a1c01bbd47fc00a2c39e90264f33305004495a9","hash":"89f9e6019c6fd9167f02cb009677b24751d31a8f"}
,"/home/o13s/sources/claude/myTravel/src/theme/index.ts": {"path":"/home/o13s/sources/claude/myTravel/src/theme/index.ts","statementMap":{"0":{"start":{"line":3,"column":21},"end":{"line":17,"column":1}},"1":{"start":{"line":19,"column":23},"end":{"line":25,"column":1}},"2":{"start":{"line":27,"column":22},"end":{"line":31,"column":1}},"3":{"start":{"line":33,"column":22},"end":{"line":42,"column":10}}},"fnMap":{},"branchMap":{},"s":{"0":1,"1":1,"2":1,"3":1},"f":{},"b":{},"_coverageSchema":"1a1c01bbd47fc00a2c39e90264f33305004495a9","hash":"cd0ad0c2a921e3c9e983b93fecf45b276e542526"}
,"/home/o13s/sources/claude/myTravel/src/utils/expenseValidation.ts": {"path":"/home/o13s/sources/claude/myTravel/src/utils/expenseValidation.ts","statementMap":{"0":{"start":{"line":8,"column":36},"end":{"line":8,"column":38}},"1":{"start":{"line":9,"column":12},"end":{"line":9,"column":31}},"2":{"start":{"line":10,"column":2},"end":{"line":10,"column":58}},"3":{"start":{"line":10,"column":28},"end":{"line":10,"column":58}},"4":{"start":{"line":11,"column":2},"end":{"line":11,"column":59}},"5":{"start":{"line":11,"column":19},"end":{"line":11,"column":59}},"6":{"start":{"line":12,"column":2},"end":{"line":12,"column":70}},"7":{"start":{"line":12,"column":22},"end":{"line":12,"column":70}},"8":{"start":{"line":13,"column":2},"end":{"line":13,"column":11}}},"fnMap":{"0":{"name":"validateExpense","decl":{"start":{"line":3,"column":16},"end":{"line":3,"column":31}},"loc":{"start":{"line":7,"column":26},"end":{"line":14,"column":1}},"line":7}},"branchMap":{"0":{"loc":{"start":{"line":10,"column":2},"end":{"line":10,"column":58}},"type":"if","locations":[{"start":{"line":10,"column":2},"end":{"line":10,"column":58}},{"start":{},"end":{}}],"line":10},"1":{"loc":{"start":{"line":10,"column":6},"end":{"line":10,"column":26}},"type":"binary-expr","locations":[{"start":{"line":10,"column":6},"end":{"line":10,"column":16}},{"start":{"line":10,"column":20},"end":{"line":10,"column":26}}],"line":10},"2":{"loc":{"start":{"line":11,"column":2},"end":{"line":11,"column":59}},"type":"if","locations":[{"start":{"line":11,"column":2},"end":{"line":11,"column":59}},{"start":{},"end":{}}],"line":11},"3":{"loc":{"start":{"line":12,"column":2},"end":{"line":12,"column":70}},"type":"if","locations":[{"start":{"line":12,"column":2},"end":{"line":12,"column":70}},{"start":{},"end":{}}],"line":12}},"s":{"0":10,"1":10,"2":10,"3":5,"4":10,"5":2,"6":10,"7":2,"8":10},"f":{"0":10},"b":{"0":[5,5],"1":[10,6],"2":[2,8],"3":[2,8]},"_coverageSchema":"1a1c01bbd47fc00a2c39e90264f33305004495a9","hash":"dd6d8ce33848a39856b680e9d95909caaa817ac4"}
,"/home/o13s/sources/claude/myTravel/src/utils/participantUtils.ts": {"path":"/home/o13s/sources/claude/myTravel/src/utils/participantUtils.ts","statementMap":{"0":{"start":{"line":5,"column":18},"end":{"line":5,"column":44}},"1":{"start":{"line":6,"column":2},"end":{"line":6,"column":28}},"2":{"start":{"line":6,"column":16},"end":{"line":6,"column":28}},"3":{"start":{"line":7,"column":24},"end":{"line":9,"column":3}},"4":{"start":{"line":8,"column":11},"end":{"line":8,"column":57}},"5":{"start":{"line":10,"column":2},"end":{"line":10,"column":33}},"6":{"start":{"line":10,"column":21},"end":{"line":10,"column":33}},"7":{"start":{"line":11,"column":2},"end":{"line":11,"column":17}}},"fnMap":{"0":{"name":"prepareParticipantName","decl":{"start":{"line":1,"column":16},"end":{"line":1,"column":38}},"loc":{"start":{"line":4,"column":17},"end":{"line":12,"column":1}},"line":4},"1":{"name":"(anonymous_1)","decl":{"start":{"line":8,"column":4},"end":{"line":8,"column":5}},"loc":{"start":{"line":8,"column":11},"end":{"line":8,"column":57}},"line":8}},"branchMap":{"0":{"loc":{"start":{"line":6,"column":2},"end":{"line":6,"column":28}},"type":"if","locations":[{"start":{"line":6,"column":2},"end":{"line":6,"column":28}},{"start":{},"end":{}}],"line":6},"1":{"loc":{"start":{"line":10,"column":2},"end":{"line":10,"column":33}},"type":"if","locations":[{"start":{"line":10,"column":2},"end":{"line":10,"column":33}},{"start":{},"end":{}}],"line":10}},"s":{"0":11,"1":11,"2":2,"3":9,"4":6,"5":9,"6":4,"7":5},"f":{"0":11,"1":6},"b":{"0":[2,9],"1":[4,5]},"_coverageSchema":"1a1c01bbd47fc00a2c39e90264f33305004495a9","hash":"55759e803f636eae46bcab7e7eb419b9e4c3b9b0"}
,"/home/o13s/sources/claude/myTravel/src/utils/pdfExport.ts": {"path":"/home/o13s/sources/claude/myTravel/src/utils/pdfExport.ts","statementMap":{"0":{"start":{"line":8,"column":2},"end":{"line":8,"column":102}},"1":{"start":{"line":12,"column":21},"end":{"line":15,"column":1}},"2":{"start":{"line":18,"column":2},"end":{"line":18,"column":99}},"3":{"start":{"line":24,"column":14},"end":{"line":24,"column":47}},"4":{"start":{"line":25,"column":2},"end":{"line":28,"column":4}},"5":{"start":{"line":32,"column":16},"end":{"line":32,"column":57}},"6":{"start":{"line":32,"column":41},"end":{"line":32,"column":53}},"7":{"start":{"line":33,"column":2},"end":{"line":33,"column":29}},"8":{"start":{"line":33,"column":19},"end":{"line":33,"column":29}},"9":{"start":{"line":35,"column":13},"end":{"line":35,"column":21}},"10":{"start":{"line":36,"column":13},"end":{"line":36,"column":21}},"11":{"start":{"line":37,"column":12},"end":{"line":37,"column":24}},"12":{"start":{"line":40,"column":19},"end":{"line":40,"column":90}},"13":{"start":{"line":40,"column":72},"end":{"line":40,"column":89}},"14":{"start":{"line":41,"column":2},"end":{"line":45,"column":3}},"15":{"start":{"line":42,"column":4},"end":{"line":44,"column":12}},"16":{"start":{"line":47,"column":14},"end":{"line":47,"column":15}},"17":{"start":{"line":48,"column":16},"end":{"line":56,"column":4}},"18":{"start":{"line":49,"column":18},"end":{"line":49,"column":45}},"19":{"start":{"line":50,"column":18},"end":{"line":50,"column":52}},"20":{"start":{"line":51,"column":16},"end":{"line":51,"column":58}},"21":{"start":{"line":52,"column":21},"end":{"line":52,"column":40}},"22":{"start":{"line":53,"column":17},"end":{"line":53,"column":170}},"23":{"start":{"line":54,"column":4},"end":{"line":54,"column":19}},"24":{"start":{"line":55,"column":4},"end":{"line":55,"column":16}},"25":{"start":{"line":58,"column":2},"end":{"line":58,"column":103}},"26":{"start":{"line":64,"column":20},"end":{"line":64,"column":55}},"27":{"start":{"line":65,"column":17},"end":{"line":65,"column":52}},"28":{"start":{"line":66,"column":20},"end":{"line":66,"column":64}},"29":{"start":{"line":68,"column":17},"end":{"line":76,"column":7}},"30":{"start":{"line":78,"column":22},"end":{"line":78,"column":52}},"31":{"start":{"line":79,"column":22},"end":{"line":81,"column":87}},"32":{"start":{"line":83,"column":22},"end":{"line":93,"column":7}},"33":{"start":{"line":95,"column":21},"end":{"line":97,"column":13}},"34":{"start":{"line":96,"column":16},"end":{"line":96,"column":113}},"35":{"start":{"line":99,"column":2},"end":{"line":106,"column":12}},"36":{"start":{"line":112,"column":21},"end":{"line":112,"column":55}},"37":{"start":{"line":112,"column":43},"end":{"line":112,"column":54}},"38":{"start":{"line":113,"column":2},"end":{"line":113,"column":94}},"39":{"start":{"line":113,"column":31},"end":{"line":113,"column":94}},"40":{"start":{"line":115,"column":16},"end":{"line":140,"column":4}},"41":{"start":{"line":116,"column":23},"end":{"line":116,"column":67}},"42":{"start":{"line":116,"column":55},"end":{"line":116,"column":66}},"43":{"start":{"line":117,"column":19},"end":{"line":120,"column":7}},"44":{"start":{"line":117,"column":47},"end":{"line":120,"column":5}},"45":{"start":{"line":122,"column":23},"end":{"line":131,"column":15}},"46":{"start":{"line":124,"column":20},"end":{"line":124,"column":62}},"47":{"start":{"line":125,"column":8},"end":{"line":129,"column":16}},"48":{"start":{"line":133,"column":4},"end":{"line":139,"column":14}},"49":{"start":{"line":142,"column":2},"end":{"line":142,"column":58}},"50":{"start":{"line":148,"column":2},"end":{"line":148,"column":80}},"51":{"start":{"line":148,"column":29},"end":{"line":148,"column":80}},"52":{"start":{"line":150,"column":17},"end":{"line":156,"column":4}},"53":{"start":{"line":151,"column":19},"end":{"line":151,"column":71}},"54":{"start":{"line":152,"column":4},"end":{"line":152,"column":36}},"55":{"start":{"line":152,"column":22},"end":{"line":152,"column":36}},"56":{"start":{"line":153,"column":19},"end":{"line":153,"column":77}},"57":{"start":{"line":154,"column":4},"end":{"line":154,"column":36}},"58":{"start":{"line":154,"column":22},"end":{"line":154,"column":36}},"59":{"start":{"line":155,"column":4},"end":{"line":155,"column":40}},"60":{"start":{"line":162,"column":29},"end":{"line":162,"column":31}},"61":{"start":{"line":163,"column":2},"end":{"line":169,"column":3}},"62":{"start":{"line":164,"column":14},"end":{"line":164,"column":60}},"63":{"start":{"line":164,"column":33},"end":{"line":164,"column":59}},"64":{"start":{"line":165,"column":4},"end":{"line":165,"column":78}},"65":{"start":{"line":165,"column":16},"end":{"line":165,"column":58}},"66":{"start":{"line":165,"column":59},"end":{"line":165,"column":76}},"67":{"start":{"line":166,"column":14},"end":{"line":166,"column":65}},"68":{"start":{"line":166,"column":35},"end":{"line":166,"column":64}},"69":{"start":{"line":167,"column":4},"end":{"line":167,"column":83}},"70":{"start":{"line":167,"column":16},"end":{"line":167,"column":61}},"71":{"start":{"line":167,"column":62},"end":{"line":167,"column":81}},"72":{"start":{"line":168,"column":4},"end":{"line":168,"column":21}},"73":{"start":{"line":171,"column":29},"end":{"line":171,"column":31}},"74":{"start":{"line":172,"column":2},"end":{"line":199,"column":3}},"75":{"start":{"line":173,"column":20},"end":{"line":173,"column":67}},"76":{"start":{"line":173,"column":46},"end":{"line":173,"column":63}},"77":{"start":{"line":174,"column":19},"end":{"line":174,"column":23}},"78":{"start":{"line":176,"column":4},"end":{"line":198,"column":5}},"79":{"start":{"line":177,"column":22},"end":{"line":177,"column":37}},"80":{"start":{"line":178,"column":21},"end":{"line":178,"column":25}},"81":{"start":{"line":180,"column":6},"end":{"line":197,"column":7}},"82":{"start":{"line":181,"column":24},"end":{"line":181,"column":78}},"83":{"start":{"line":182,"column":24},"end":{"line":184,"column":14}},"84":{"start":{"line":185,"column":24},"end":{"line":187,"column":14}},"85":{"start":{"line":188,"column":25},"end":{"line":188,"column":97}},"86":{"start":{"line":189,"column":8},"end":{"line":194,"column":16}},"87":{"start":{"line":195,"column":8},"end":{"line":195,"column":25}},"88":{"start":{"line":196,"column":8},"end":{"line":196,"column":25}},"89":{"start":{"line":201,"column":2},"end":{"line":209,"column":12}},"90":{"start":{"line":220,"column":21},"end":{"line":220,"column":70}},"91":{"start":{"line":221,"column":20},"end":{"line":221,"column":87}},"92":{"start":{"line":222,"column":18},"end":{"line":222,"column":83}},"93":{"start":{"line":224,"column":2},"end":{"line":293,"column":9}},"94":{"start":{"line":304,"column":15},"end":{"line":304,"column":64}},"95":{"start":{"line":305,"column":18},"end":{"line":305,"column":56}},"96":{"start":{"line":307,"column":2},"end":{"line":311,"column":5}}},"fnMap":{"0":{"name":"escapeHtml","decl":{"start":{"line":7,"column":16},"end":{"line":7,"column":26}},"loc":{"start":{"line":7,"column":46},"end":{"line":9,"column":1}},"line":7},"1":{"name":"formatAmount","decl":{"start":{"line":17,"column":9},"end":{"line":17,"column":21}},"loc":{"start":{"line":17,"column":64},"end":{"line":19,"column":1}},"line":17},"2":{"name":"polarToCartesian","decl":{"start":{"line":23,"column":9},"end":{"line":23,"column":25}},"loc":{"start":{"line":23,"column":79},"end":{"line":29,"column":1}},"line":23},"3":{"name":"svgPie","decl":{"start":{"line":31,"column":16},"end":{"line":31,"column":22}},"loc":{"start":{"line":31,"column":89},"end":{"line":59,"column":1}},"line":31},"4":{"name":"(anonymous_4)","decl":{"start":{"line":32,"column":30},"end":{"line":32,"column":31}},"loc":{"start":{"line":32,"column":41},"end":{"line":32,"column":53}},"line":32},"5":{"name":"(anonymous_5)","decl":{"start":{"line":40,"column":65},"end":{"line":40,"column":66}},"loc":{"start":{"line":40,"column":72},"end":{"line":40,"column":89}},"line":40},"6":{"name":"(anonymous_6)","decl":{"start":{"line":48,"column":27},"end":{"line":48,"column":28}},"loc":{"start":{"line":48,"column":38},"end":{"line":56,"column":3}},"line":48},"7":{"name":"buildBudgetSection","decl":{"start":{"line":63,"column":9},"end":{"line":63,"column":27}},"loc":{"start":{"line":63,"column":74},"end":{"line":107,"column":1}},"line":63},"8":{"name":"(anonymous_8)","decl":{"start":{"line":96,"column":9},"end":{"line":96,"column":10}},"loc":{"start":{"line":96,"column":16},"end":{"line":96,"column":113}},"line":96},"9":{"name":"buildCategorySection","decl":{"start":{"line":111,"column":9},"end":{"line":111,"column":29}},"loc":{"start":{"line":111,"column":84},"end":{"line":143,"column":1}},"line":111},"10":{"name":"(anonymous_10)","decl":{"start":{"line":112,"column":36},"end":{"line":112,"column":37}},"loc":{"start":{"line":112,"column":43},"end":{"line":112,"column":54}},"line":112},"11":{"name":"(anonymous_11)","decl":{"start":{"line":115,"column":31},"end":{"line":115,"column":32}},"loc":{"start":{"line":115,"column":40},"end":{"line":140,"column":3}},"line":115},"12":{"name":"(anonymous_12)","decl":{"start":{"line":116,"column":48},"end":{"line":116,"column":49}},"loc":{"start":{"line":116,"column":55},"end":{"line":116,"column":66}},"line":116},"13":{"name":"(anonymous_13)","decl":{"start":{"line":117,"column":34},"end":{"line":117,"column":35}},"loc":{"start":{"line":117,"column":47},"end":{"line":120,"column":5}},"line":117},"14":{"name":"(anonymous_14)","decl":{"start":{"line":123,"column":11},"end":{"line":123,"column":12}},"loc":{"start":{"line":123,"column":23},"end":{"line":130,"column":7}},"line":123},"15":{"name":"buildExpenseList","decl":{"start":{"line":147,"column":9},"end":{"line":147,"column":25}},"loc":{"start":{"line":147,"column":66},"end":{"line":210,"column":1}},"line":147},"16":{"name":"(anonymous_16)","decl":{"start":{"line":150,"column":36},"end":{"line":150,"column":37}},"loc":{"start":{"line":150,"column":46},"end":{"line":156,"column":3}},"line":150},"17":{"name":"(anonymous_17)","decl":{"start":{"line":164,"column":26},"end":{"line":164,"column":27}},"loc":{"start":{"line":164,"column":33},"end":{"line":164,"column":59}},"line":164},"18":{"name":"(anonymous_18)","decl":{"start":{"line":166,"column":28},"end":{"line":166,"column":29}},"loc":{"start":{"line":166,"column":35},"end":{"line":166,"column":64}},"line":166},"19":{"name":"(anonymous_19)","decl":{"start":{"line":173,"column":36},"end":{"line":173,"column":37}},"loc":{"start":{"line":173,"column":46},"end":{"line":173,"column":63}},"line":173},"20":{"name":"buildHTML","decl":{"start":{"line":214,"column":9},"end":{"line":214,"column":18}},"loc":{"start":{"line":219,"column":10},"end":{"line":294,"column":1}},"line":219},"21":{"name":"exportToPDF","decl":{"start":{"line":298,"column":22},"end":{"line":298,"column":33}},"loc":{"start":{"line":303,"column":17},"end":{"line":312,"column":1}},"line":303}},"branchMap":{"0":{"loc":{"start":{"line":33,"column":2},"end":{"line":33,"column":29}},"type":"if","locations":[{"start":{"line":33,"column":2},"end":{"line":33,"column":29}},{"start":{},"end":{}}],"line":33},"1":{"loc":{"start":{"line":40,"column":19},"end":{"line":40,"column":90}},"type":"cond-expr","locations":[{"start":{"line":40,"column":41},"end":{"line":40,"column":50}},{"start":{"line":40,"column":53},"end":{"line":40,"column":90}}],"line":40},"2":{"loc":{"start":{"line":41,"column":2},"end":{"line":45,"column":3}},"type":"if","locations":[{"start":{"line":41,"column":2},"end":{"line":45,"column":3}},{"start":{},"end":{}}],"line":41},"3":{"loc":{"start":{"line":52,"column":21},"end":{"line":52,"column":40}},"type":"cond-expr","locations":[{"start":{"line":52,"column":35},"end":{"line":52,"column":36}},{"start":{"line":52,"column":39},"end":{"line":52,"column":40}}],"line":52},"4":{"loc":{"start":{"line":68,"column":17},"end":{"line":76,"column":7}},"type":"cond-expr","locations":[{"start":{"line":69,"column":6},"end":{"line":72,"column":7}},{"start":{"line":73,"column":6},"end":{"line":76,"column":7}}],"line":68},"5":{"loc":{"start":{"line":78,"column":22},"end":{"line":78,"column":52}},"type":"cond-expr","locations":[{"start":{"line":78,"column":31},"end":{"line":78,"column":40}},{"start":{"line":78,"column":43},"end":{"line":78,"column":52}}],"line":78},"6":{"loc":{"start":{"line":79,"column":22},"end":{"line":81,"column":87}},"type":"cond-expr","locations":[{"start":{"line":80,"column":6},"end":{"line":80,"column":97}},{"start":{"line":81,"column":6},"end":{"line":81,"column":87}}],"line":79},"7":{"loc":{"start":{"line":83,"column":22},"end":{"line":93,"column":7}},"type":"cond-expr","locations":[{"start":{"line":84,"column":6},"end":{"line":88,"column":7}},{"start":{"line":89,"column":6},"end":{"line":93,"column":7}}],"line":83},"8":{"loc":{"start":{"line":113,"column":2},"end":{"line":113,"column":94}},"type":"if","locations":[{"start":{"line":113,"column":2},"end":{"line":113,"column":94}},{"start":{},"end":{}}],"line":113},"9":{"loc":{"start":{"line":148,"column":2},"end":{"line":148,"column":80}},"type":"if","locations":[{"start":{"line":148,"column":2},"end":{"line":148,"column":80}},{"start":{},"end":{}}],"line":148},"10":{"loc":{"start":{"line":152,"column":4},"end":{"line":152,"column":36}},"type":"if","locations":[{"start":{"line":152,"column":4},"end":{"line":152,"column":36}},{"start":{},"end":{}}],"line":152},"11":{"loc":{"start":{"line":154,"column":4},"end":{"line":154,"column":36}},"type":"if","locations":[{"start":{"line":154,"column":4},"end":{"line":154,"column":36}},{"start":{},"end":{}}],"line":154},"12":{"loc":{"start":{"line":165,"column":4},"end":{"line":165,"column":78}},"type":"if","locations":[{"start":{"line":165,"column":4},"end":{"line":165,"column":78}},{"start":{},"end":{}}],"line":165},"13":{"loc":{"start":{"line":167,"column":4},"end":{"line":167,"column":83}},"type":"if","locations":[{"start":{"line":167,"column":4},"end":{"line":167,"column":83}},{"start":{},"end":{}}],"line":167},"14":{"loc":{"start":{"line":182,"column":24},"end":{"line":184,"column":14}},"type":"cond-expr","locations":[{"start":{"line":183,"column":12},"end":{"line":183,"column":121}},{"start":{"line":184,"column":12},"end":{"line":184,"column":14}}],"line":182},"15":{"loc":{"start":{"line":183,"column":55},"end":{"line":183,"column":89}},"type":"cond-expr","locations":[{"start":{"line":183,"column":66},"end":{"line":183,"column":84}},{"start":{"line":183,"column":87},"end":{"line":183,"column":89}}],"line":183},"16":{"loc":{"start":{"line":185,"column":24},"end":{"line":187,"column":14}},"type":"cond-expr","locations":[{"start":{"line":186,"column":12},"end":{"line":186,"column":84}},{"start":{"line":187,"column":12},"end":{"line":187,"column":14}}],"line":185},"17":{"loc":{"start":{"line":188,"column":25},"end":{"line":188,"column":97}},"type":"cond-expr","locations":[{"start":{"line":188,"column":36},"end":{"line":188,"column":58}},{"start":{"line":188,"column":61},"end":{"line":188,"column":97}}],"line":188},"18":{"loc":{"start":{"line":188,"column":61},"end":{"line":188,"column":97}},"type":"cond-expr","locations":[{"start":{"line":188,"column":72},"end":{"line":188,"column":92}},{"start":{"line":188,"column":95},"end":{"line":188,"column":97}}],"line":188},"19":{"loc":{"start":{"line":192,"column":28},"end":{"line":192,"column":43}},"type":"binary-expr","locations":[{"start":{"line":192,"column":28},"end":{"line":192,"column":37}},{"start":{"line":192,"column":41},"end":{"line":192,"column":43}}],"line":192}},"s":{"0":79,"1":1,"2":39,"3":28,"4":28,"5":15,"6":25,"7":15,"8":2,"9":13,"10":13,"11":13,"12":13,"13":21,"14":13,"15":6,"16":7,"17":7,"18":14,"19":14,"20":14,"21":14,"22":14,"23":14,"24":14,"25":7,"26":8,"27":8,"28":8,"29":8,"30":8,"31":8,"32":8,"33":8,"34":24,"35":8,"36":8,"37":1,"38":8,"39":7,"40":1,"41":1,"42":1,"43":1,"44":1,"45":1,"46":1,"47":1,"48":1,"49":1,"50":8,"51":6,"52":2,"53":5,"54":5,"55":1,"56":4,"57":4,"58":2,"59":2,"60":2,"61":2,"62":5,"63":3,"64":5,"65":3,"66":3,"67":5,"68":2,"69":5,"70":4,"71":4,"72":5,"73":2,"74":2,"75":3,"76":4,"77":3,"78":3,"79":4,"80":4,"81":4,"82":5,"83":5,"84":5,"85":5,"86":5,"87":5,"88":5,"89":2,"90":8,"91":8,"92":8,"93":8,"94":8,"95":8,"96":8},"f":{"0":79,"1":39,"2":28,"3":15,"4":25,"5":21,"6":14,"7":8,"8":24,"9":8,"10":1,"11":1,"12":1,"13":1,"14":1,"15":8,"16":5,"17":3,"18":2,"19":4,"20":8,"21":8},"b":{"0":[2,13],"1":[2,11],"2":[6,7],"3":[6,8],"4":[1,7],"5":[1,7],"6":[1,7],"7":[1,7],"8":[7,1],"9":[6,2],"10":[1,4],"11":[2,2],"12":[3,2],"13":[4,1],"14":[3,2],"15":[3,0],"16":[4,1],"17":[3,2],"18":[1,1],"19":[5,5]},"_coverageSchema":"1a1c01bbd47fc00a2c39e90264f33305004495a9","hash":"173e0221d0a53be757abfe7479d637665ef6c9bd"}
,"/home/o13s/sources/claude/myTravel/src/utils/projectValidation.ts": {"path":"/home/o13s/sources/claude/myTravel/src/utils/projectValidation.ts","statementMap":{"0":{"start":{"line":9,"column":36},"end":{"line":9,"column":38}},"1":{"start":{"line":10,"column":2},"end":{"line":10,"column":49}},"2":{"start":{"line":10,"column":20},"end":{"line":10,"column":49}},"3":{"start":{"line":11,"column":2},"end":{"line":11,"column":86}},"4":{"start":{"line":11,"column":32},"end":{"line":11,"column":86}},"5":{"start":{"line":12,"column":2},"end":{"line":12,"column":89}},"6":{"start":{"line":12,"column":27},"end":{"line":12,"column":89}},"7":{"start":{"line":13,"column":12},"end":{"line":13,"column":31}},"8":{"start":{"line":14,"column":2},"end":{"line":14,"column":79}},"9":{"start":{"line":14,"column":28},"end":{"line":14,"column":79}},"10":{"start":{"line":15,"column":2},"end":{"line":15,"column":11}}},"fnMap":{"0":{"name":"validateProject","decl":{"start":{"line":3,"column":16},"end":{"line":3,"column":31}},"loc":{"start":{"line":8,"column":26},"end":{"line":16,"column":1}},"line":8}},"branchMap":{"0":{"loc":{"start":{"line":10,"column":2},"end":{"line":10,"column":49}},"type":"if","locations":[{"start":{"line":10,"column":2},"end":{"line":10,"column":49}},{"start":{},"end":{}}],"line":10},"1":{"loc":{"start":{"line":11,"column":2},"end":{"line":11,"column":86}},"type":"if","locations":[{"start":{"line":11,"column":2},"end":{"line":11,"column":86}},{"start":{},"end":{}}],"line":11},"2":{"loc":{"start":{"line":12,"column":2},"end":{"line":12,"column":89}},"type":"if","locations":[{"start":{"line":12,"column":2},"end":{"line":12,"column":89}},{"start":{},"end":{}}],"line":12},"3":{"loc":{"start":{"line":14,"column":2},"end":{"line":14,"column":79}},"type":"if","locations":[{"start":{"line":14,"column":2},"end":{"line":14,"column":79}},{"start":{},"end":{}}],"line":14},"4":{"loc":{"start":{"line":14,"column":6},"end":{"line":14,"column":26}},"type":"binary-expr","locations":[{"start":{"line":14,"column":6},"end":{"line":14,"column":16}},{"start":{"line":14,"column":20},"end":{"line":14,"column":26}}],"line":14}},"s":{"0":14,"1":14,"2":3,"3":14,"4":1,"5":14,"6":2,"7":14,"8":14,"9":5,"10":14},"f":{"0":14},"b":{"0":[3,11],"1":[1,13],"2":[2,12],"3":[5,9],"4":[14,11]},"_coverageSchema":"1a1c01bbd47fc00a2c39e90264f33305004495a9","hash":"21860dad3c66704d07f4498c0aec132decfe055a"}
,"/home/o13s/sources/claude/myTravel/src/utils/validation.ts": {"path":"/home/o13s/sources/claude/myTravel/src/utils/validation.ts","statementMap":{"0":{"start":{"line":2,"column":21},"end":{"line":2,"column":40}},"1":{"start":{"line":3,"column":2},"end":{"line":3,"column":53}},"2":{"start":{"line":3,"column":41},"end":{"line":3,"column":53}},"3":{"start":{"line":4,"column":12},"end":{"line":4,"column":34}},"4":{"start":{"line":5,"column":2},"end":{"line":5,"column":45}},"5":{"start":{"line":5,"column":33},"end":{"line":5,"column":45}},"6":{"start":{"line":6,"column":2},"end":{"line":6,"column":11}}},"fnMap":{"0":{"name":"parseAmount","decl":{"start":{"line":1,"column":16},"end":{"line":1,"column":27}},"loc":{"start":{"line":1,"column":54},"end":{"line":7,"column":1}},"line":1}},"branchMap":{"0":{"loc":{"start":{"line":3,"column":2},"end":{"line":3,"column":53}},"type":"if","locations":[{"start":{"line":3,"column":2},"end":{"line":3,"column":53}},{"start":{},"end":{}}],"line":3},"1":{"loc":{"start":{"line":5,"column":2},"end":{"line":5,"column":45}},"type":"if","locations":[{"start":{"line":5,"column":2},"end":{"line":5,"column":45}},{"start":{},"end":{}}],"line":5},"2":{"loc":{"start":{"line":5,"column":6},"end":{"line":5,"column":31}},"type":"binary-expr","locations":[{"start":{"line":5,"column":6},"end":{"line":5,"column":14}},{"start":{"line":5,"column":18},"end":{"line":5,"column":31}}],"line":5}},"s":{"0":42,"1":42,"2":17,"3":25,"4":25,"5":1,"6":24},"f":{"0":42},"b":{"0":[17,25],"1":[1,24],"2":[25,25]},"_coverageSchema":"1a1c01bbd47fc00a2c39e90264f33305004495a9","hash":"b91d214495a0dc41e56a6593a40b2f8ca859b4d4"}
}
