TN:
SF:src/components/CurrencyPicker.tsx
FN:29,getCurrencySymbol
FN:30,(anonymous_1)
FN:44,CurrencyPicker
FN:51,close
FN:61,(anonymous_4)
FN:66,(anonymous_5)
FN:73,(anonymous_6)
FN:93,(anonymous_7)
FN:97,(anonymous_8)
FN:101,(anonymous_9)
FNF:10
FNH:2
FNDA:10,getCurrencySymbol
FNDA:85,(anonymous_1)
FNDA:0,CurrencyPicker
FNDA:0,close
FNDA:0,(anonymous_4)
FNDA:0,(anonymous_5)
FNDA:0,(anonymous_6)
FNDA:0,(anonymous_7)
FNDA:0,(anonymous_8)
FNDA:0,(anonymous_9)
DA:6,1
DA:30,85
DA:31,10
DA:32,8
DA:45,0
DA:46,0
DA:48,0
DA:49,0
DA:52,0
DA:53,0
DA:55,0
DA:57,0
DA:60,0
DA:62,0
DA:66,0
DA:68,0
DA:73,0
DA:94,0
DA:98,0
DA:99,0
DA:102,0
DA:117,1
LF:22
LH:5
BRDA:31,0,0,2
BRDA:31,0,1,8
BRDA:44,1,0,0
BRDA:49,2,0,0
BRDA:49,2,1,0
BRDA:52,3,0,0
BRDA:52,3,1,0
BRDA:62,4,0,0
BRDA:62,4,1,0
BRDA:70,5,0,0
BRDA:70,5,1,0
BRDA:78,6,0,0
BRDA:78,6,1,0
BRDA:102,7,0,0
BRDA:102,7,1,0
BRF:15
BRH:2
end_of_record
TN:
SF:src/db/database.ts
FN:15,initDatabase
FN:68,(anonymous_1)
FN:71,(anonymous_2)
FN:75,(anonymous_3)
FN:100,getCategories
FN:104,getSubcategories
FN:111,getAllSubcategories
FN:117,getProjects
FN:121,getProject
FN:125,createProject
FN:133,updateProject
FN:140,deleteProject
FN:146,getExpenses
FN:159,getExpenseWithDetails
FN:171,createExpense
FN:179,getExpense
FN:183,updateExpense
FN:190,deleteExpense
FN:204,buildCategorySummary
FN:226,getCategorySummary
FN:243,getParticipants
FN:250,addParticipant
FN:257,removeParticipant
FN:258,(anonymous_23)
FN:264,syncProjectParticipants
FN:268,(anonymous_25)
FN:273,(anonymous_26)
FN:273,(anonymous_27)
FN:280,(anonymous_28)
FN:289,getParticipantSummary
FNF:30
FNH:1
FNDA:0,initDatabase
FNDA:0,(anonymous_1)
FNDA:0,(anonymous_2)
FNDA:0,(anonymous_3)
FNDA:0,getCategories
FNDA:0,getSubcategories
FNDA:0,getAllSubcategories
FNDA:0,getProjects
FNDA:0,getProject
FNDA:0,createProject
FNDA:0,updateProject
FNDA:0,deleteProject
FNDA:0,getExpenses
FNDA:0,getExpenseWithDetails
FNDA:0,createExpense
FNDA:0,getExpense
FNDA:0,updateExpense
FNDA:0,deleteExpense
FNDA:8,buildCategorySummary
FNDA:0,getCategorySummary
FNDA:0,getParticipants
FNDA:0,addParticipant
FNDA:0,removeParticipant
FNDA:0,(anonymous_23)
FNDA:0,syncProjectParticipants
FNDA:0,(anonymous_25)
FNDA:0,(anonymous_26)
FNDA:0,(anonymous_27)
FNDA:0,(anonymous_28)
FNDA:0,getParticipantSummary
DA:4,1
DA:16,0
DA:18,0
DA:67,0
DA:68,0
DA:69,0
DA:71,0
DA:72,0
DA:75,0
DA:76,0
DA:77,0
DA:81,0
DA:85,0
DA:86,0
DA:90,0
DA:91,0
DA:101,0
DA:105,0
DA:112,0
DA:118,0
DA:122,0
DA:126,0
DA:130,0
DA:134,0
DA:141,0
DA:147,0
DA:160,0
DA:172,0
DA:176,0
DA:180,0
DA:184,0
DA:191,0
DA:205,8
DA:206,8
DA:207,13
DA:208,9
DA:215,13
DA:216,13
DA:221,13
DA:223,8
DA:227,0
DA:238,0
DA:244,0
DA:251,0
DA:258,0
DA:259,0
DA:260,0
DA:268,0
DA:269,0
DA:273,0
DA:274,0
DA:275,0
DA:276,0
DA:277,0
DA:280,0
DA:281,0
DA:282,0
DA:283,0
DA:290,0
LF:59
LH:9
BRDA:68,0,0,0
BRDA:68,0,1,0
BRDA:71,1,0,0
BRDA:71,1,1,0
BRDA:81,2,0,0
BRDA:81,2,1,0
BRDA:90,3,0,0
BRDA:90,3,1,0
BRDA:122,4,0,0
BRDA:122,4,1,0
BRDA:160,5,0,0
BRDA:160,5,1,0
BRDA:174,6,0,0
BRDA:174,6,1,0
BRDA:174,7,0,0
BRDA:174,7,1,0
BRDA:180,8,0,0
BRDA:180,8,1,0
BRDA:186,9,0,0
BRDA:186,9,1,0
BRDA:186,10,0,0
BRDA:186,10,1,0
BRDA:207,11,0,9
BRDA:207,11,1,4
BRDA:275,12,0,0
BRDA:275,12,1,0
BRDA:282,13,0,0
BRDA:282,13,1,0
BRDA:282,14,0,0
BRDA:282,14,1,0
BRF:30
BRH:2
end_of_record
TN:
SF:src/stores/expenseStore.ts
FN:20,sortExpenses
FN:22,(anonymous_1)
FN:26,(anonymous_2)
FN:34,(anonymous_3)
FN:47,(anonymous_4)
FN:56,(anonymous_5)
FN:58,(anonymous_6)
FN:67,(anonymous_7)
FN:71,(anonymous_8)
FN:82,(anonymous_9)
FN:91,(anonymous_10)
FN:94,(anonymous_11)
FN:99,(anonymous_12)
FN:110,(anonymous_13)
FN:118,(anonymous_14)
FN:119,(anonymous_15)
FN:122,(anonymous_16)
FNF:17
FNH:17
FNDA:10,sortExpenses
FNDA:10,(anonymous_1)
FNDA:1,(anonymous_2)
FNDA:4,(anonymous_3)
FNDA:3,(anonymous_4)
FNDA:1,(anonymous_5)
FNDA:3,(anonymous_6)
FNDA:2,(anonymous_7)
FNDA:1,(anonymous_8)
FNDA:3,(anonymous_9)
FNDA:2,(anonymous_10)
FNDA:1,(anonymous_11)
FNDA:1,(anonymous_12)
FNDA:2,(anonymous_13)
FNDA:1,(anonymous_14)
FNDA:1,(anonymous_15)
FNDA:1,(anonymous_16)
DA:21,10
DA:22,10
DA:26,1
DA:35,4
DA:36,3
DA:37,3
DA:38,3
DA:43,2
DA:47,3
DA:52,1
DA:56,1
DA:59,3
DA:60,3
DA:61,3
DA:62,2
DA:67,2
DA:71,1
DA:74,2
DA:76,1
DA:77,1
DA:78,1
DA:83,3
DA:84,3
DA:85,3
DA:86,2
DA:91,2
DA:94,1
DA:99,1
DA:102,2
DA:104,1
DA:105,1
DA:106,1
DA:111,2
DA:112,2
DA:113,2
DA:114,1
DA:118,1
DA:119,1
DA:122,1
DA:125,1
DA:127,1
DA:128,1
DA:129,1
LF:43
LH:43
BRDA:22,0,0,10
BRDA:22,0,1,5
BRDA:35,1,0,1
BRDA:35,1,1,3
BRDA:68,2,0,1
BRDA:68,2,1,1
BRDA:93,3,0,1
BRDA:93,3,1,1
BRDA:94,4,0,1
BRDA:94,4,1,0
BRF:10
BRH:9
end_of_record
TN:
SF:src/stores/participantStore.ts
FN:13,(anonymous_0)
FN:16,(anonymous_1)
FN:20,(anonymous_2)
FN:26,(anonymous_3)
FNF:4
FNH:4
FNDA:1,(anonymous_0)
FNDA:2,(anonymous_1)
FNDA:1,(anonymous_2)
FNDA:1,(anonymous_3)
DA:13,1
DA:17,2
DA:21,1
DA:22,1
DA:23,1
DA:27,1
DA:28,1
DA:29,1
LF:8
LH:8
BRF:0
BRH:0
end_of_record
TN:
SF:src/stores/projectStore.ts
FN:16,(anonymous_0)
FN:20,(anonymous_1)
FN:24,(anonymous_2)
FN:28,(anonymous_3)
FN:34,(anonymous_4)
FN:39,(anonymous_5)
FN:41,(anonymous_6)
FN:42,(anonymous_7)
FN:47,(anonymous_8)
FN:49,(anonymous_9)
FNF:10
FNH:10
FNDA:1,(anonymous_0)
FNDA:2,(anonymous_1)
FNDA:1,(anonymous_2)
FNDA:1,(anonymous_3)
FNDA:1,(anonymous_4)
FNDA:3,(anonymous_5)
FNDA:3,(anonymous_6)
FNDA:5,(anonymous_7)
FNDA:3,(anonymous_8)
FNDA:4,(anonymous_9)
DA:16,1
DA:21,2
DA:25,1
DA:29,1
DA:30,1
DA:31,1
DA:35,1
DA:36,1
DA:40,3
DA:41,3
DA:42,5
DA:48,3
DA:49,4
LF:13
LH:13
BRDA:43,0,0,1
BRDA:43,0,1,2
BRF:2
BRH:2
end_of_record
TN:
SF:src/theme/index.ts
FNF:0
FNH:0
DA:3,1
DA:19,1
DA:27,1
DA:33,1
LF:4
LH:4
BRF:0
BRH:0
end_of_record
TN:
SF:src/utils/expenseValidation.ts
FN:3,validateExpense
FNF:1
FNH:1
FNDA:10,validateExpense
DA:8,10
DA:9,10
DA:10,10
DA:11,10
DA:12,10
DA:13,10
LF:6
LH:6
BRDA:10,0,0,5
BRDA:10,0,1,5
BRDA:10,1,0,10
BRDA:10,1,1,6
BRDA:11,2,0,2
BRDA:11,2,1,8
BRDA:12,3,0,2
BRDA:12,3,1,8
BRF:8
BRH:8
end_of_record
TN:
SF:src/utils/participantUtils.ts
FN:1,prepareParticipantName
FN:8,(anonymous_1)
FNF:2
FNH:2
FNDA:11,prepareParticipantName
FNDA:6,(anonymous_1)
DA:5,11
DA:6,11
DA:7,9
DA:8,6
DA:10,9
DA:11,5
LF:6
LH:6
BRDA:6,0,0,2
BRDA:6,0,1,9
BRDA:10,1,0,4
BRDA:10,1,1,5
BRF:4
BRH:4
end_of_record
TN:
SF:src/utils/pdfExport.ts
FN:7,escapeHtml
FN:17,formatAmount
FN:23,polarToCartesian
FN:31,svgPie
FN:32,(anonymous_4)
FN:40,(anonymous_5)
FN:48,(anonymous_6)
FN:63,buildBudgetSection
FN:96,(anonymous_8)
FN:111,buildCategorySection
FN:112,(anonymous_10)
FN:115,(anonymous_11)
FN:116,(anonymous_12)
FN:117,(anonymous_13)
FN:123,(anonymous_14)
FN:147,buildExpenseList
FN:150,(anonymous_16)
FN:164,(anonymous_17)
FN:166,(anonymous_18)
FN:173,(anonymous_19)
FN:214,buildHTML
FN:298,exportToPDF
FNF:22
FNH:22
FNDA:79,escapeHtml
FNDA:39,formatAmount
FNDA:28,polarToCartesian
FNDA:15,svgPie
FNDA:25,(anonymous_4)
FNDA:21,(anonymous_5)
FNDA:14,(anonymous_6)
FNDA:8,buildBudgetSection
FNDA:24,(anonymous_8)
FNDA:8,buildCategorySection
FNDA:1,(anonymous_10)
FNDA:1,(anonymous_11)
FNDA:1,(anonymous_12)
FNDA:1,(anonymous_13)
FNDA:1,(anonymous_14)
FNDA:8,buildExpenseList
FNDA:5,(anonymous_16)
FNDA:3,(anonymous_17)
FNDA:2,(anonymous_18)
FNDA:4,(anonymous_19)
FNDA:8,buildHTML
FNDA:8,exportToPDF
DA:8,79
DA:12,1
DA:18,39
DA:24,28
DA:25,28
DA:32,25
DA:33,15
DA:35,13
DA:36,13
DA:37,13
DA:40,21
DA:41,13
DA:42,6
DA:47,7
DA:48,7
DA:49,14
DA:50,14
DA:51,14
DA:52,14
DA:53,14
DA:54,14
DA:55,14
DA:58,7
DA:64,8
DA:65,8
DA:66,8
DA:68,8
DA:78,8
DA:79,8
DA:83,8
DA:95,8
DA:96,24
DA:99,8
DA:112,8
DA:113,8
DA:115,1
DA:116,1
DA:117,1
DA:122,1
DA:124,1
DA:125,1
DA:133,1
DA:142,1
DA:148,8
DA:150,2
DA:151,5
DA:152,5
DA:153,4
DA:154,4
DA:155,2
DA:162,2
DA:163,2
DA:164,5
DA:165,5
DA:166,5
DA:167,5
DA:168,5
DA:171,2
DA:172,2
DA:173,4
DA:174,3
DA:176,3
DA:177,4
DA:178,4
DA:180,4
DA:181,5
DA:182,5
DA:185,5
DA:188,5
DA:189,5
DA:195,5
DA:196,5
DA:201,2
DA:220,8
DA:221,8
DA:222,8
DA:224,8
DA:304,8
DA:305,8
DA:307,8
LF:80
LH:80
BRDA:33,0,0,2
BRDA:33,0,1,13
BRDA:40,1,0,2
BRDA:40,1,1,11
BRDA:41,2,0,6
BRDA:41,2,1,7
BRDA:52,3,0,6
BRDA:52,3,1,8
BRDA:68,4,0,1
BRDA:68,4,1,7
BRDA:78,5,0,1
BRDA:78,5,1,7
BRDA:79,6,0,1
BRDA:79,6,1,7
BRDA:83,7,0,1
BRDA:83,7,1,7
BRDA:113,8,0,7
BRDA:113,8,1,1
BRDA:148,9,0,6
BRDA:148,9,1,2
BRDA:152,10,0,1
BRDA:152,10,1,4
BRDA:154,11,0,2
BRDA:154,11,1,2
BRDA:165,12,0,3
BRDA:165,12,1,2
BRDA:167,13,0,4
BRDA:167,13,1,1
BRDA:182,14,0,3
BRDA:182,14,1,2
BRDA:183,15,0,3
BRDA:183,15,1,0
BRDA:185,16,0,4
BRDA:185,16,1,1
BRDA:188,17,0,3
BRDA:188,17,1,2
BRDA:188,18,0,1
BRDA:188,18,1,1
BRDA:192,19,0,5
BRDA:192,19,1,5
BRF:40
BRH:39
end_of_record
TN:
SF:src/utils/projectValidation.ts
FN:3,validateProject
FNF:1
FNH:1
FNDA:14,validateProject
DA:9,14
DA:10,14
DA:11,14
DA:12,14
DA:13,14
DA:14,14
DA:15,14
LF:7
LH:7
BRDA:10,0,0,3
BRDA:10,0,1,11
BRDA:11,1,0,1
BRDA:11,1,1,13
BRDA:12,2,0,2
BRDA:12,2,1,12
BRDA:14,3,0,5
BRDA:14,3,1,9
BRDA:14,4,0,14
BRDA:14,4,1,11
BRF:10
BRH:10
end_of_record
TN:
SF:src/utils/validation.ts
FN:1,parseAmount
FNF:1
FNH:1
FNDA:42,parseAmount
DA:2,42
DA:3,42
DA:4,25
DA:5,25
DA:6,24
LF:5
LH:5
BRDA:3,0,0,17
BRDA:3,0,1,25
BRDA:5,1,0,1
BRDA:5,1,1,24
BRDA:5,2,0,25
BRDA:5,2,1,25
BRF:6
BRH:6
end_of_record
